# JRE version: Java(TM) SE Runtime Environment (8.0_202-b08) (build 1.8.0_202-b08)
# Java VM: Java HotSpot(TM) 64-Bit Server VM (25.202-b08 mixed mode windows-amd64 compressed oops)
Heap:
 PSYoungGen      total 135168K, used 98600K [0x0000000780600000, 0x0000000789980000, 0x00000007c0000000)
  eden space 124928K, 70% used [0x0000000780600000,0x0000000785c92f98,0x0000000788000000)
  from space 10240K, 97% used [0x0000000788000000,0x00000007889b7290,0x0000000788a00000)
  to   space 10240K, 0% used [0x0000000788a00000,0x0000000788a00000,0x0000000789400000)
 ParOldGen       total 79872K, used 31812K [0x0000000701200000, 0x0000000706000000, 0x0000000780600000)
  object space 79872K, 39% used [0x0000000701200000,0x0000000703111158,0x0000000706000000)
 Metaspace       used 52136K, capacity 52706K, committed 53248K, reserved 1095680K
  class space    used 6230K, capacity 6388K, committed 6400K, reserved 1048576K
GC Heap History (10 events):
Event: 8.545 GC heap before
{Heap before GC invocations=11 (full 1):
 PSYoungGen      total 135168K, used 24546K [0x0000000780600000, 0x0000000789980000, 0x00000007c0000000)
  eden space 124928K, 11% used [0x0000000780600000,0x00000007813f96f8,0x0000000788000000)
  from space 10240K, 99% used [0x0000000788000000,0x00000007889ff3a0,0x0000000788a00000)
  to   space 10240K, 0% used [0x0000000788a00000,0x0000000788a00000,0x0000000789400000)
 ParOldGen       total 79872K, used 13572K [0x0000000701200000, 0x0000000706000000, 0x0000000780600000)
  object space 79872K, 16% used [0x0000000701200000,0x0000000701f412c0,0x0000000706000000)
 Metaspace       used 34772K, capacity 35200K, committed 35456K, reserved 1081344K
  class space    used 4254K, capacity 4365K, committed 4480K, reserved 1048576K
Event: 8.553 GC heap after
Heap after GC invocations=11 (full 1):
 PSYoungGen      total 135168K, used 8262K [0x0000000780600000, 0x0000000789980000, 0x00000007c0000000)
  eden space 124928K, 0% used [0x0000000780600000,0x0000000780600000,0x0000000788000000)
  from space 10240K, 80% used [0x0000000788a00000,0x00000007892119a8,0x0000000789400000)
  to   space 10240K, 0% used [0x0000000788000000,0x0000000788000000,0x0000000788a00000)
 ParOldGen       total 79872K, used 17168K [0x0000000701200000, 0x0000000706000000, 0x0000000780600000)
  object space 79872K, 21% used [0x0000000701200000,0x00000007022c4300,0x0000000706000000)
 Metaspace       used 34772K, capacity 35200K, committed 35456K, reserved 1081344K
  class space    used 4254K, capacity 4365K, committed 4480K, reserved 1048576K
}
Event: 8.553 GC heap before
{Heap before GC invocations=12 (full 2):
 PSYoungGen      total 135168K, used 8262K [0x0000000780600000, 0x0000000789980000, 0x00000007c0000000)
  eden space 124928K, 0% used [0x0000000780600000,0x0000000780600000,0x0000000788000000)
  from space 10240K, 80% used [0x0000000788a00000,0x00000007892119a8,0x0000000789400000)
  to   space 10240K, 0% used [0x0000000788000000,0x0000000788000000,0x0000000788a00000)
 ParOldGen       total 79872K, used 17168K [0x0000000701200000, 0x0000000706000000, 0x0000000780600000)
  object space 79872K, 21% used [0x0000000701200000,0x00000007022c4300,0x0000000706000000)
 Metaspace       used 34772K, capacity 35200K, committed 35456K, reserved 1081344K
  class space    used 4254K, capacity 4365K, committed 4480K, reserved 1048576K
Event: 8.630 GC heap after
Heap after GC invocations=12 (full 2):
 PSYoungGen      total 135168K, used 0K [0x0000000780600000, 0x0000000789980000, 0x00000007c0000000)
  eden space 124928K, 0% used [0x0000000780600000,0x0000000780600000,0x0000000788000000)
  from space 10240K, 0% used [0x0000000788a00000,0x0000000788a00000,0x0000000789400000)
  to   space 10240K, 0% used [0x0000000788000000,0x0000000788000000,0x0000000788a00000)
 ParOldGen       total 79872K, used 20410K [0x0000000701200000, 0x0000000706000000, 0x0000000780600000)
  object space 79872K, 25% used [0x0000000701200000,0x00000007025eeac8,0x0000000706000000)
 Metaspace       used 34772K, capacity 35200K, committed 35456K, reserved 1081344K
  class space    used 4254K, capacity 4365K, committed 4480K, reserved 1048576K
}
Event: 10.889 GC heap before
{Heap before GC invocations=13 (full 2):
 PSYoungGen      total 135168K, used 124928K [0x0000000780600000, 0x0000000789980000, 0x00000007c0000000)
  eden space 124928K, 100% used [0x0000000780600000,0x0000000788000000,0x0000000788000000)
  from space 10240K, 0% used [0x0000000788a00000,0x0000000788a00000,0x0000000789400000)
  to   space 10240K, 0% used [0x0000000788000000,0x0000000788000000,0x0000000788a00000)
 ParOldGen       total 79872K, used 20410K [0x0000000701200000, 0x0000000706000000, 0x0000000780600000)
  object space 79872K, 25% used [0x0000000701200000,0x00000007025eeac8,0x0000000706000000)
 Metaspace       used 42126K, capacity 42632K, committed 43008K, reserved 1087488K
  class space    used 5210K, capacity 5337K, committed 5376K, reserved 1048576K
Event: 10.897 GC heap after
Heap after GC invocations=13 (full 2):
 PSYoungGen      total 135168K, used 10235K [0x0000000780600000, 0x0000000789980000, 0x00000007c0000000)
  eden space 124928K, 0% used [0x0000000780600000,0x0000000780600000,0x0000000788000000)
  from space 10240K, 99% used [0x0000000788000000,0x00000007889fed78,0x0000000788a00000)
  to   space 10240K, 0% used [0x0000000788a00000,0x0000000788a00000,0x0000000789400000)
 ParOldGen       total 79872K, used 20418K [0x0000000701200000, 0x0000000706000000, 0x0000000780600000)
  object space 79872K, 25% used [0x0000000701200000,0x00000007025f0ac8,0x0000000706000000)
 Metaspace       used 42126K, capacity 42632K, committed 43008K, reserved 1087488K
  class space    used 5210K, capacity 5337K, committed 5376K, reserved 1048576K
}
Event: 11.347 GC heap before
{Heap before GC invocations=14 (full 2):
 PSYoungGen      total 135168K, used 135163K [0x0000000780600000, 0x0000000789980000, 0x00000007c0000000)
  eden space 124928K, 100% used [0x0000000780600000,0x0000000788000000,0x0000000788000000)
  from space 10240K, 99% used [0x0000000788000000,0x00000007889fed78,0x0000000788a00000)
  to   space 10240K, 0% used [0x0000000788a00000,0x0000000788a00000,0x0000000789400000)
 ParOldGen       total 79872K, used 20418K [0x0000000701200000, 0x0000000706000000, 0x0000000780600000)
  object space 79872K, 25% used [0x0000000701200000,0x00000007025f0ac8,0x0000000706000000)
 Metaspace       used 43097K, capacity 43578K, committed 44032K, reserved 1087488K
  class space    used 5265K, capacity 5372K, committed 5376K, reserved 1048576K
Event: 11.356 GC heap after
Heap after GC invocations=14 (full 2):
 PSYoungGen      total 135168K, used 6601K [0x0000000780600000, 0x0000000789980000, 0x00000007c0000000)
  eden space 124928K, 0% used [0x0000000780600000,0x0000000780600000,0x0000000788000000)
  from space 10240K, 64% used [0x0000000788a00000,0x0000000789072660,0x0000000789400000)
  to   space 10240K, 0% used [0x0000000788000000,0x0000000788000000,0x0000000788a00000)
 ParOldGen       total 79872K, used 26108K [0x0000000701200000, 0x0000000706000000, 0x0000000780600000)
  object space 79872K, 32% used [0x0000000701200000,0x0000000702b7f058,0x0000000706000000)
 Metaspace       used 43097K, capacity 43578K, committed 44032K, reserved 1087488K
  class space    used 5265K, capacity 5372K, committed 5376K, reserved 1048576K
}
Event: 12.834 GC heap before
{Heap before GC invocations=15 (full 2):
 PSYoungGen      total 135168K, used 131529K [0x0000000780600000, 0x0000000789980000, 0x00000007c0000000)
  eden space 124928K, 100% used [0x0000000780600000,0x0000000788000000,0x0000000788000000)
  from space 10240K, 64% used [0x0000000788a00000,0x0000000789072660,0x0000000789400000)
  to   space 10240K, 0% used [0x0000000788000000,0x0000000788000000,0x0000000788a00000)
 ParOldGen       total 79872K, used 26108K [0x0000000701200000, 0x0000000706000000, 0x0000000780600000)
  object space 79872K, 32% used [0x0000000701200000,0x0000000702b7f058,0x0000000706000000)
 Metaspace       used 46648K, capacity 47134K, committed 47616K, reserved 1091584K
  class space    used 5697K, capacity 5826K, committed 5888K, reserved 1048576K
Event: 12.849 GC heap after
Heap after GC invocations=15 (full 2):
 PSYoungGen      total 135168K, used 9948K [0x0000000780600000, 0x0000000789980000, 0x00000007c0000000)
  eden space 124928K, 0% used [0x0000000780600000,0x0000000780600000,0x0000000788000000)
  from space 10240K, 97% used [0x0000000788000000,0x00000007889b7290,0x0000000788a00000)
  to   space 10240K, 0% used [0x0000000788a00000,0x0000000788a00000,0x0000000789400000)
 ParOldGen       total 79872K, used 31812K [0x0000000701200000, 0x0000000706000000, 0x0000000780600000)
  object space 79872K, 39% used [0x0000000701200000,0x0000000703111158,0x0000000706000000)
 Metaspace       used 46648K, capacity 47134K, committed 47616K, reserved 1091584K
  class space    used 5697K, capacity 5826K, committed 5888K, reserved 1048576K
}

