# JRE version: Java(TM) SE Runtime Environment (8.0_202-b08) (build 1.8.0_202-b08)
# Java VM: Java HotSpot(TM) 64-Bit Server VM (25.202-b08 mixed mode windows-amd64 compressed oops)
Heap:
 PSYoungGen      total 930816K, used 498582K [0x0000000780600000, 0x00000007bad80000, 0x00000007c0000000)
  eden space 905728K, 55% used [0x0000000780600000,0x000000079ece5940,0x00000007b7a80000)
  from space 25088K, 0% used [0x00000007b9500000,0x00000007b9500000,0x00000007bad80000)
  to   space 26112K, 0% used [0x00000007b7a80000,0x00000007b7a80000,0x00000007b9400000)
 ParOldGen       total 186880K, used 183533K [0x0000000701200000, 0x000000070c880000, 0x0000000780600000)
  object space 186880K, 98% used [0x0000000701200000,0x000000070c53b740,0x000000070c880000)
 Metaspace       used 82661K, capacity 87610K, committed 87808K, reserved 1126400K
  class space    used 9139K, capacity 10197K, committed 10240K, reserved 1048576K
GC Heap History (10 events):
Event: 1655.577 GC heap before
{Heap before GC invocations=77 (full 27):
 PSYoungGen      total 932352K, used 17915K [0x0000000780600000, 0x00000007bb080000, 0x00000007c0000000)
  eden space 905216K, 0% used [0x0000000780600000,0x0000000780600000,0x00000007b7a00000)
  from space 27136K, 66% used [0x00000007b9500000,0x00000007ba67ee28,0x00000007baf80000)
  to   space 27648K, 0% used [0x00000007b7a00000,0x00000007b7a00000,0x00000007b9500000)
 ParOldGen       total 186880K, used 165667K [0x0000000701200000, 0x000000070c880000, 0x0000000780600000)
  object space 186880K, 88% used [0x0000000701200000,0x000000070b3c8c80,0x000000070c880000)
 Metaspace       used 81620K, capacity 86452K, committed 86656K, reserved 1126400K
  class space    used 9053K, capacity 10070K, committed 10112K, reserved 1048576K
Event: 1656.102 GC heap after
Heap after GC invocations=77 (full 27):
 PSYoungGen      total 932352K, used 0K [0x0000000780600000, 0x00000007bb080000, 0x00000007c0000000)
  eden space 905216K, 0% used [0x0000000780600000,0x0000000780600000,0x00000007b7a00000)
  from space 27136K, 0% used [0x00000007b9500000,0x00000007b9500000,0x00000007baf80000)
  to   space 27648K, 0% used [0x00000007b7a00000,0x00000007b7a00000,0x00000007b9500000)
 ParOldGen       total 186880K, used 177140K [0x0000000701200000, 0x000000070c880000, 0x0000000780600000)
  object space 186880K, 94% used [0x0000000701200000,0x000000070befd340,0x000000070c880000)
 Metaspace       used 81620K, capacity 86452K, committed 86656K, reserved 1126400K
  class space    used 9053K, capacity 10070K, committed 10112K, reserved 1048576K
}
Event: 1738.192 GC heap before
{Heap before GC invocations=78 (full 27):
 PSYoungGen      total 932352K, used 868999K [0x0000000780600000, 0x00000007bb080000, 0x00000007c0000000)
  eden space 905216K, 95% used [0x0000000780600000,0x00000007b56a1db0,0x00000007b7a00000)
  from space 27136K, 0% used [0x00000007b9500000,0x00000007b9500000,0x00000007baf80000)
  to   space 27648K, 0% used [0x00000007b7a00000,0x00000007b7a00000,0x00000007b9500000)
 ParOldGen       total 186880K, used 177140K [0x0000000701200000, 0x000000070c880000, 0x0000000780600000)
  object space 186880K, 94% used [0x0000000701200000,0x000000070befd340,0x000000070c880000)
 Metaspace       used 82007K, capacity 86904K, committed 87040K, reserved 1126400K
  class space    used 9076K, capacity 10113K, committed 10240K, reserved 1048576K
Event: 1738.212 GC heap after
Heap after GC invocations=78 (full 27):
 PSYoungGen      total 932864K, used 9872K [0x0000000780600000, 0x00000007baf80000, 0x00000007c0000000)
  eden space 905216K, 0% used [0x0000000780600000,0x0000000780600000,0x00000007b7a00000)
  from space 27648K, 35% used [0x00000007b7a00000,0x00000007b83a4220,0x00000007b9500000)
  to   space 27136K, 0% used [0x00000007b9500000,0x00000007b9500000,0x00000007baf80000)
 ParOldGen       total 186880K, used 177148K [0x0000000701200000, 0x000000070c880000, 0x0000000780600000)
  object space 186880K, 94% used [0x0000000701200000,0x000000070beff340,0x000000070c880000)
 Metaspace       used 82007K, capacity 86904K, committed 87040K, reserved 1126400K
  class space    used 9076K, capacity 10113K, committed 10240K, reserved 1048576K
}
Event: 1738.212 GC heap before
{Heap before GC invocations=79 (full 28):
 PSYoungGen      total 932864K, used 9872K [0x0000000780600000, 0x00000007baf80000, 0x00000007c0000000)
  eden space 905216K, 0% used [0x0000000780600000,0x0000000780600000,0x00000007b7a00000)
  from space 27648K, 35% used [0x00000007b7a00000,0x00000007b83a4220,0x00000007b9500000)
  to   space 27136K, 0% used [0x00000007b9500000,0x00000007b9500000,0x00000007baf80000)
 ParOldGen       total 186880K, used 177148K [0x0000000701200000, 0x000000070c880000, 0x0000000780600000)
  object space 186880K, 94% used [0x0000000701200000,0x000000070beff340,0x000000070c880000)
 Metaspace       used 82007K, capacity 86904K, committed 87040K, reserved 1126400K
  class space    used 9076K, capacity 10113K, committed 10240K, reserved 1048576K
Event: 1738.622 GC heap after
Heap after GC invocations=79 (full 28):
 PSYoungGen      total 932864K, used 0K [0x0000000780600000, 0x00000007baf80000, 0x00000007c0000000)
  eden space 905216K, 0% used [0x0000000780600000,0x0000000780600000,0x00000007b7a00000)
  from space 27648K, 0% used [0x00000007b7a00000,0x00000007b7a00000,0x00000007b9500000)
  to   space 27136K, 0% used [0x00000007b9500000,0x00000007b9500000,0x00000007baf80000)
 ParOldGen       total 186880K, used 180718K [0x0000000701200000, 0x000000070c880000, 0x0000000780600000)
  object space 186880K, 96% used [0x0000000701200000,0x000000070c27bb00,0x000000070c880000)
 Metaspace       used 82007K, capacity 86904K, committed 87040K, reserved 1126400K
  class space    used 9076K, capacity 10113K, committed 10240K, reserved 1048576K
}
Event: 1839.402 GC heap before
{Heap before GC invocations=80 (full 28):
 PSYoungGen      total 932864K, used 885552K [0x0000000780600000, 0x00000007baf80000, 0x00000007c0000000)
  eden space 905216K, 97% used [0x0000000780600000,0x00000007b66cc028,0x00000007b7a00000)
  from space 27648K, 0% used [0x00000007b7a00000,0x00000007b7a00000,0x00000007b9500000)
  to   space 27136K, 0% used [0x00000007b9500000,0x00000007b9500000,0x00000007baf80000)
 ParOldGen       total 186880K, used 180718K [0x0000000701200000, 0x000000070c880000, 0x0000000780600000)
  object space 186880K, 96% used [0x0000000701200000,0x000000070c27bb00,0x000000070c880000)
 Metaspace       used 82396K, capacity 87292K, committed 87552K, reserved 1126400K
  class space    used 9118K, capacity 10156K, committed 10240K, reserved 1048576K
Event: 1839.416 GC heap after
Heap after GC invocations=80 (full 28):
 PSYoungGen      total 930816K, used 9928K [0x0000000780600000, 0x00000007bad80000, 0x00000007c0000000)
  eden space 905728K, 0% used [0x0000000780600000,0x0000000780600000,0x00000007b7a80000)
  from space 25088K, 39% used [0x00000007b9500000,0x00000007b9eb2268,0x00000007bad80000)
  to   space 26112K, 0% used [0x00000007b7a80000,0x00000007b7a80000,0x00000007b9400000)
 ParOldGen       total 186880K, used 180726K [0x0000000701200000, 0x000000070c880000, 0x0000000780600000)
  object space 186880K, 96% used [0x0000000701200000,0x000000070c27db00,0x000000070c880000)
 Metaspace       used 82396K, capacity 87292K, committed 87552K, reserved 1126400K
  class space    used 9118K, capacity 10156K, committed 10240K, reserved 1048576K
}
Event: 1839.416 GC heap before
{Heap before GC invocations=81 (full 29):
 PSYoungGen      total 930816K, used 9928K [0x0000000780600000, 0x00000007bad80000, 0x00000007c0000000)
  eden space 905728K, 0% used [0x0000000780600000,0x0000000780600000,0x00000007b7a80000)
  from space 25088K, 39% used [0x00000007b9500000,0x00000007b9eb2268,0x00000007bad80000)
  to   space 26112K, 0% used [0x00000007b7a80000,0x00000007b7a80000,0x00000007b9400000)
 ParOldGen       total 186880K, used 180726K [0x0000000701200000, 0x000000070c880000, 0x0000000780600000)
  object space 186880K, 96% used [0x0000000701200000,0x000000070c27db00,0x000000070c880000)
 Metaspace       used 82396K, capacity 87292K, committed 87552K, reserved 1126400K
  class space    used 9118K, capacity 10156K, committed 10240K, reserved 1048576K
Event: 1839.851 GC heap after
Heap after GC invocations=81 (full 29):
 PSYoungGen      total 930816K, used 0K [0x0000000780600000, 0x00000007bad80000, 0x00000007c0000000)
  eden space 905728K, 0% used [0x0000000780600000,0x0000000780600000,0x00000007b7a80000)
  from space 25088K, 0% used [0x00000007b9500000,0x00000007b9500000,0x00000007bad80000)
  to   space 26112K, 0% used [0x00000007b7a80000,0x00000007b7a80000,0x00000007b9400000)
 ParOldGen       total 186880K, used 183533K [0x0000000701200000, 0x000000070c880000, 0x0000000780600000)
  object space 186880K, 98% used [0x0000000701200000,0x000000070c53b740,0x000000070c880000)
 Metaspace       used 82396K, capacity 87292K, committed 87552K, reserved 1126400K
  class space    used 9118K, capacity 10156K, committed 10240K, reserved 1048576K
}

