# JRE version: Java(TM) SE Runtime Environment (8.0_202-b08) (build 1.8.0_202-b08)
# Java VM: Java HotSpot(TM) 64-Bit Server VM (25.202-b08 mixed mode windows-amd64 compressed oops)
Heap:
 PSYoungGen      total 57344K, used 8728K [0x0000000780600000, 0x0000000784600000, 0x00000007c0000000)
  eden space 49152K, 1% used [0x0000000780600000,0x00000007806e80f8,0x0000000783600000)
  from space 8192K, 95% used [0x0000000783e00000,0x000000078459df30,0x0000000784600000)
  to   space 8192K, 0% used [0x0000000783600000,0x0000000783600000,0x0000000783e00000)
 ParOldGen       total 131072K, used 24K [0x0000000701200000, 0x0000000709200000, 0x0000000780600000)
  object space 131072K, 0% used [0x0000000701200000,0x0000000701206000,0x0000000709200000)
 Metaspace       used 13197K, capacity 13356K, committed 13440K, reserved 1060864K
  class space    used 1636K, capacity 1657K, committed 1664K, reserved 1048576K
GC Heap History (4 events):
Event: 1.843 GC heap before
{Heap before GC invocations=1 (full 0):
 PSYoungGen      total 57344K, used 49152K [0x0000000780600000, 0x0000000784600000, 0x00000007c0000000)
  eden space 49152K, 100% used [0x0000000780600000,0x0000000783600000,0x0000000783600000)
  from space 8192K, 0% used [0x0000000783e00000,0x0000000783e00000,0x0000000784600000)
  to   space 8192K, 0% used [0x0000000783600000,0x0000000783600000,0x0000000783e00000)
 ParOldGen       total 131072K, used 0K [0x0000000701200000, 0x0000000709200000, 0x0000000780600000)
  object space 131072K, 0% used [0x0000000701200000,0x0000000701200000,0x0000000709200000)
 Metaspace       used 7870K, capacity 8012K, committed 8192K, reserved 1056768K
  class space    used 956K, capacity 985K, committed 1024K, reserved 1048576K
Event: 1.848 GC heap after
Heap after GC invocations=1 (full 0):
 PSYoungGen      total 57344K, used 5734K [0x0000000780600000, 0x0000000784600000, 0x00000007c0000000)
  eden space 49152K, 0% used [0x0000000780600000,0x0000000780600000,0x0000000783600000)
  from space 8192K, 69% used [0x0000000783600000,0x0000000783b99838,0x0000000783e00000)
  to   space 8192K, 0% used [0x0000000783e00000,0x0000000783e00000,0x0000000784600000)
 ParOldGen       total 131072K, used 16K [0x0000000701200000, 0x0000000709200000, 0x0000000780600000)
  object space 131072K, 0% used [0x0000000701200000,0x0000000701204000,0x0000000709200000)
 Metaspace       used 7870K, capacity 8012K, committed 8192K, reserved 1056768K
  class space    used 956K, capacity 985K, committed 1024K, reserved 1048576K
}
Event: 2.219 GC heap before
{Heap before GC invocations=2 (full 0):
 PSYoungGen      total 57344K, used 54886K [0x0000000780600000, 0x0000000784600000, 0x00000007c0000000)
  eden space 49152K, 100% used [0x0000000780600000,0x0000000783600000,0x0000000783600000)
  from space 8192K, 69% used [0x0000000783600000,0x0000000783b99838,0x0000000783e00000)
  to   space 8192K, 0% used [0x0000000783e00000,0x0000000783e00000,0x0000000784600000)
 ParOldGen       total 131072K, used 16K [0x0000000701200000, 0x0000000709200000, 0x0000000780600000)
  object space 131072K, 0% used [0x0000000701200000,0x0000000701204000,0x0000000709200000)
 Metaspace       used 13153K, capacity 13292K, committed 13440K, reserved 1060864K
  class space    used 1626K, capacity 1657K, committed 1664K, reserved 1048576K
Event: 2.226 GC heap after
Heap after GC invocations=2 (full 0):
 PSYoungGen      total 57344K, used 7799K [0x0000000780600000, 0x0000000784600000, 0x00000007c0000000)
  eden space 49152K, 0% used [0x0000000780600000,0x0000000780600000,0x0000000783600000)
  from space 8192K, 95% used [0x0000000783e00000,0x000000078459df30,0x0000000784600000)
  to   space 8192K, 0% used [0x0000000783600000,0x0000000783600000,0x0000000783e00000)
 ParOldGen       total 131072K, used 24K [0x0000000701200000, 0x0000000709200000, 0x0000000780600000)
  object space 131072K, 0% used [0x0000000701200000,0x0000000701206000,0x0000000709200000)
 Metaspace       used 13153K, capacity 13292K, committed 13440K, reserved 1060864K
  class space    used 1626K, capacity 1657K, committed 1664K, reserved 1048576K
}

